"is_built_lib_argon2" "true"
"built_lib_argon2" "/home/louis/Code/ocaml-argon2/_build/src/argon2.cma"
"built_lib_argon2" "/home/louis/Code/ocaml-argon2/_build/src/argon2.cmxa"
"built_lib_argon2" "/home/louis/Code/ocaml-argon2/_build/src/argon2.a"
"built_lib_argon2" "/home/louis/Code/ocaml-argon2/_build/src/argon2.cmxs"
"built_lib_argon2" "/home/louis/Code/ocaml-argon2/_build/src/argon2.cmi"
"built_lib_argon2" "/home/louis/Code/ocaml-argon2/_build/src/argon2.cmti"
"built_lib_argon2" "/home/louis/Code/ocaml-argon2/_build/src/argon2.cmt"
"built_lib_argon2" "/home/louis/Code/ocaml-argon2/_build/src/argon2.annot"
"built_lib_argon2" "/home/louis/Code/ocaml-argon2/_build/src/argon2.cmx"
"is_built_lib_argon2" "true"
"built_lib_argon2" "/home/louis/Code/ocaml-argon2/_build/src/argon2.cma"
"built_lib_argon2" "/home/louis/Code/ocaml-argon2/_build/src/argon2.cmxa"
"built_lib_argon2" "/home/louis/Code/ocaml-argon2/_build/src/argon2.a"
"built_lib_argon2" "/home/louis/Code/ocaml-argon2/_build/src/argon2.cmxs"
"built_lib_argon2" "/home/louis/Code/ocaml-argon2/_build/src/argon2.cmi"
"built_lib_argon2" "/home/louis/Code/ocaml-argon2/_build/src/argon2.cmti"
"built_lib_argon2" "/home/louis/Code/ocaml-argon2/_build/src/argon2.cmt"
"built_lib_argon2" "/home/louis/Code/ocaml-argon2/_build/src/argon2.annot"
"built_lib_argon2" "/home/louis/Code/ocaml-argon2/_build/src/argon2.cmx"
"is_built_lib_argon2" "true"
"built_lib_argon2" "/home/louis/Code/ocaml-argon2/_build/src/argon2.cma"
"built_lib_argon2" "/home/louis/Code/ocaml-argon2/_build/src/argon2.cmxa"
"built_lib_argon2" "/home/louis/Code/ocaml-argon2/_build/src/argon2.a"
"built_lib_argon2" "/home/louis/Code/ocaml-argon2/_build/src/argon2.cmxs"
"built_lib_argon2" "/home/louis/Code/ocaml-argon2/_build/src/argon2.cmi"
"built_lib_argon2" "/home/louis/Code/ocaml-argon2/_build/src/argon2.cmti"
"built_lib_argon2" "/home/louis/Code/ocaml-argon2/_build/src/argon2.cmt"
"built_lib_argon2" "/home/louis/Code/ocaml-argon2/_build/src/argon2.annot"
"built_lib_argon2" "/home/louis/Code/ocaml-argon2/_build/src/argon2.cmx"
